<?xml version="1.0" encoding="UTF-8"?>
<!-- Generated by org.testng.reporters.JUnitXMLReporter -->
<testsuite ignored="0" hostname="UB00352" failures="1" tests="1" name="Default test(failed)" time="9.494" errors="0" timestamp="01 Apr 2020 00:08:25 GMT">
  <testcase classname="recordingTests.TestCase" name="verifyLinks" time="0.016">
    <failure type="java.lang.Error" message="Unresolved compilation problem: 
	The field ScreenRecorder.audioFormat is not visible
">
      <![CDATA[java.lang.Error: Unresolved compilation problem: 
The field ScreenRecorder.audioFormat is not visible

at recordingTests.ScreenRecorderUtil.startRecord(ScreenRecorderUtil.java:66)
at recordingTests.TestCase.verifyLinks(TestCase.java:34)
... Removed 25 stack frames]]>
    </failure>
  </testcase> <!-- verifyLinks -->
</testsuite> <!-- Default test(failed) -->
