<?xml version="1.0" encoding="UTF-8"?>
<testng-results ignored="0" total="1" passed="1" failed="0" skipped="0">
  <reporter-output>
  </reporter-output>
  <suite started-at="2020-04-06T10:48:32Z" name="Default suite" finished-at="2020-04-06T10:48:53Z" duration-ms="20437">
    <groups>
    </groups>
    <test started-at="2020-04-06T10:48:32Z" name="Default test" finished-at="2020-04-06T10:48:53Z" duration-ms="20437">
      <class name="recordingTests.TestCase">
        <test-method is-config="true" signature="setup()[pri:0, instance:recordingTests.TestCase@3f67593e]" started-at="2020-04-06T10:48:32Z" name="setup" finished-at="2020-04-06T10:48:39Z" duration-ms="6748" status="PASS">
          <reporter-output>
          </reporter-output>
        </test-method> <!-- setup -->
        <test-method signature="verifyLinks()[pri:0, instance:recordingTests.TestCase@3f67593e]" started-at="2020-04-06T10:48:39Z" name="verifyLinks" finished-at="2020-04-06T10:48:52Z" duration-ms="13506" status="PASS">
          <reporter-output>
          </reporter-output>
        </test-method> <!-- verifyLinks -->
        <test-method is-config="true" signature="tearDown()[pri:0, instance:recordingTests.TestCase@3f67593e]" started-at="2020-04-06T10:48:52Z" name="tearDown" finished-at="2020-04-06T10:48:53Z" duration-ms="153" status="PASS">
          <reporter-output>
          </reporter-output>
        </test-method> <!-- tearDown -->
      </class> <!-- recordingTests.TestCase -->
    </test> <!-- Default test -->
  </suite> <!-- Default suite -->
</testng-results>
